  SubProc.cpp
C:\Users\jinwoo\Desktop\registryControl\Project1\header.h(1,1): warning C4828: 파일에 0x18a3 오프셋에서 시작하는 문자가 포함되어 있습니다. 이 문자는 현재 원본 문자 집합에서 잘못된 문자입니다(코드 페이지 949).
C:\Users\jinwoo\Desktop\registryControl\Project1\header.h(61,2): warning C4091: 'typedef ': 변수를 선언하지 않으면 'DATA' 왼쪽은 무시됩니다.
C:\Users\jinwoo\Desktop\registryControl\Project1\header.h(68,2): warning C4091: 'typedef ': 변수를 선언하지 않으면 'BYTE_DATA' 왼쪽은 무시됩니다.
C:\Users\jinwoo\Desktop\registryControl\Project1\header.h(76,2): warning C4091: 'typedef ': 변수를 선언하지 않으면 'MULSZ_DATA' 왼쪽은 무시됩니다.
C:\Users\jinwoo\Desktop\registryControl\Project1\header.h(83,2): warning C4091: 'typedef ': 변수를 선언하지 않으면 'LV_DATA_MANAGE' 왼쪽은 무시됩니다.
C:\Users\jinwoo\Desktop\registryControl\Project1\BinaryEditor.h(12,2): warning C4091: 'typedef ': 변수를 선언하지 않으면 'CLIPBOARD_DATA' 왼쪽은 무시됩니다.
C:\Users\jinwoo\Desktop\registryControl\Project1\SubProc.cpp(93,16): warning C4244: '인수': 'WPARAM'에서 'int'(으)로 변환하면서 데이터가 손실될 수 있습니다.
C:\Users\jinwoo\Desktop\registryControl\Project1\SubProc.cpp(103,14): warning C4244: '=': 'LRESULT'에서 'int'(으)로 변환하면서 데이터가 손실될 수 있습니다.
C:\Users\jinwoo\Desktop\registryControl\Project1\SubProc.cpp(104,22): warning C4244: '=': 'LRESULT'에서 'int'(으)로 변환하면서 데이터가 손실될 수 있습니다.
C:\Users\jinwoo\Desktop\registryControl\Project1\SubProc.cpp(172,33): warning C4244: '=': 'long'에서 'BYTE'(으)로 변환하면서 데이터가 손실될 수 있습니다.
C:\Users\jinwoo\Desktop\registryControl\Project1\SubProc.cpp(210,15): warning C4244: '=': 'LRESULT'에서 'int'(으)로 변환하면서 데이터가 손실될 수 있습니다.
C:\Users\jinwoo\Desktop\registryControl\Project1\SubProc.cpp(211,23): warning C4244: '=': 'LRESULT'에서 'int'(으)로 변환하면서 데이터가 손실될 수 있습니다.
C:\Users\jinwoo\Desktop\registryControl\Project1\SubProc.cpp(216,29): warning C4244: '인수': 'WPARAM'에서 'int'(으)로 변환하면서 데이터가 손실될 수 있습니다.
C:\Users\jinwoo\Desktop\registryControl\Project1\SubProc.cpp(219,19): warning C4244: '인수': 'WPARAM'에서 'int'(으)로 변환하면서 데이터가 손실될 수 있습니다.
C:\Users\jinwoo\Desktop\registryControl\Project1\SubProc.cpp(225,14): warning C4244: '=': 'LRESULT'에서 'int'(으)로 변환하면서 데이터가 손실될 수 있습니다.
C:\Users\jinwoo\Desktop\registryControl\Project1\SubProc.cpp(226,22): warning C4244: '=': 'LRESULT'에서 'int'(으)로 변환하면서 데이터가 손실될 수 있습니다.
C:\Users\jinwoo\Desktop\registryControl\Project1\SubProc.cpp(248,26): warning C4244: '인수': 'LPARAM'에서 'int'(으)로 변환하면서 데이터가 손실될 수 있습니다.
C:\Users\jinwoo\Desktop\registryControl\Project1\SubProc.cpp(251,21): warning C4244: '인수': 'WPARAM'에서 'int'(으)로 변환하면서 데이터가 손실될 수 있습니다.
C:\Users\jinwoo\Desktop\registryControl\Project1\SubProc.cpp(264,22): warning C4244: '=': 'LRESULT'에서 'int'(으)로 변환하면서 데이터가 손실될 수 있습니다.
C:\Users\jinwoo\Desktop\registryControl\Project1\SubProc.cpp(69): warning C4715: 'DlgEditSubProc': 모든 제어 경로에서 값을 반환하지는 않습니다.
  Project1.vcxproj -> C:\Users\jinwoo\Desktop\registryControl\x64\Debug\Project1.exe
